<?xml version="1.0" encoding="UTF-8"?>
<!-- Generated by org.testng.reporters.JUnitXMLReporter -->
<testsuite ignored="0" hostname="DESKTOP-Q4NR4PC" failures="0" tests="7" name="Default test" time="135.725" errors="0" timestamp="2023-02-20T16:52:45 PKT">
  <testcase classname="SettingTest" name="verifyBlockLickSection" time="0.246"/>
  <testcase classname="SettingTest" name="verifyChatIconVisible" time="7.74"/>
  <testcase classname="SettingTest" name="verifyCityFieldValidation" time="1.098"/>
  <testcase classname="SettingTest" name="verifyFullNameFieldValidation" time="0.907"/>
  <testcase classname="SettingTest" name="verifyPageHeading" time="0.035"/>
  <testcase classname="SettingTest" name="verifyPhoneNumberFieldValidation" time="0.256"/>
  <testcase classname="SettingTest" name="verifyUserInformation" time="0.101"/>
</testsuite> <!-- Default test -->
