<?xml version="1.0" encoding="UTF-8"?>
<testng-results ignored="0" total="4" passed="4" failed="0" skipped="0">
  <reporter-output>
  </reporter-output>
  <suite started-at="2024-04-29T15:53:15 PKT" name="Default suite" finished-at="2024-04-29T15:54:11 PKT" duration-ms="55582">
    <groups>
    </groups>
    <test started-at="2024-04-29T15:53:15 PKT" name="Default test" finished-at="2024-04-29T15:54:11 PKT" duration-ms="55582">
      <class name="directMacroTestPackage.DirectMacroTestCases">
        <test-method is-config="true" signature="startChrome()[pri:0, instance:directMacroTestPackage.DirectMacroTestCases@333dd51e]" started-at="2024-04-29T15:53:15 PKT" name="startChrome" finished-at="2024-04-29T15:53:15 PKT" duration-ms="287" status="PASS">
          <reporter-output>
          </reporter-output>
        </test-method> <!-- startChrome -->
        <test-method is-config="true" signature="setup()[pri:0, instance:directMacroTestPackage.DirectMacroTestCases@333dd51e]" started-at="2024-04-29T15:53:15 PKT" name="setup" finished-at="2024-04-29T15:53:18 PKT" duration-ms="2692" status="PASS">
          <reporter-output>
          </reporter-output>
        </test-method> <!-- setup -->
        <test-method signature="searchBarTestCase()[pri:1, instance:directMacroTestPackage.DirectMacroTestCases@333dd51e]" started-at="2024-04-29T15:53:18 PKT" name="searchBarTestCase" finished-at="2024-04-29T15:53:34 PKT" duration-ms="15430" status="PASS">
          <reporter-output>
          </reporter-output>
        </test-method> <!-- searchBarTestCase -->
        <test-method is-config="true" signature="tearDown(org.testng.ITestResult)[pri:0, instance:directMacroTestPackage.DirectMacroTestCases@333dd51e]" started-at="2024-04-29T15:53:34 PKT" name="tearDown" finished-at="2024-04-29T15:53:34 PKT" duration-ms="66" status="PASS">
          <params>
            <param index="0">
              <value>
                <![CDATA[[TestResult name=searchBarTestCase status=SUCCESS method=DirectMacroTestCases.searchBarTestCase()[pri:1, instance:directMacroTestPackage.DirectMacroTestCases@333dd51e] output={null}]]]>
              </value>
            </param>
          </params>
          <reporter-output>
          </reporter-output>
        </test-method> <!-- tearDown -->
        <test-method is-config="true" signature="setup()[pri:0, instance:directMacroTestPackage.DirectMacroTestCases@333dd51e]" started-at="2024-04-29T15:53:34 PKT" name="setup" finished-at="2024-04-29T15:53:34 PKT" duration-ms="745" status="PASS">
          <reporter-output>
          </reporter-output>
        </test-method> <!-- setup -->
        <test-method signature="addToCartTestCases()[pri:2, instance:directMacroTestPackage.DirectMacroTestCases@333dd51e]" started-at="2024-04-29T15:53:34 PKT" name="addToCartTestCases" finished-at="2024-04-29T15:53:47 PKT" duration-ms="12982" status="PASS">
          <reporter-output>
          </reporter-output>
        </test-method> <!-- addToCartTestCases -->
        <test-method is-config="true" signature="tearDown(org.testng.ITestResult)[pri:0, instance:directMacroTestPackage.DirectMacroTestCases@333dd51e]" started-at="2024-04-29T15:53:47 PKT" name="tearDown" finished-at="2024-04-29T15:53:47 PKT" duration-ms="2" status="PASS">
          <params>
            <param index="0">
              <value>
                <![CDATA[[TestResult name=addToCartTestCases status=SUCCESS method=DirectMacroTestCases.addToCartTestCases()[pri:2, instance:directMacroTestPackage.DirectMacroTestCases@333dd51e] output={null}]]]>
              </value>
            </param>
          </params>
          <reporter-output>
          </reporter-output>
        </test-method> <!-- tearDown -->
        <test-method is-config="true" signature="setup()[pri:0, instance:directMacroTestPackage.DirectMacroTestCases@333dd51e]" started-at="2024-04-29T15:53:47 PKT" name="setup" finished-at="2024-04-29T15:53:48 PKT" duration-ms="1023" status="PASS">
          <reporter-output>
          </reporter-output>
        </test-method> <!-- setup -->
        <test-method signature="productQuantityValidation()[pri:3, instance:directMacroTestPackage.DirectMacroTestCases@333dd51e]" started-at="2024-04-29T15:53:48 PKT" name="productQuantityValidation" finished-at="2024-04-29T15:53:53 PKT" duration-ms="4564" status="PASS">
          <reporter-output>
          </reporter-output>
        </test-method> <!-- productQuantityValidation -->
        <test-method is-config="true" signature="tearDown(org.testng.ITestResult)[pri:0, instance:directMacroTestPackage.DirectMacroTestCases@333dd51e]" started-at="2024-04-29T15:53:53 PKT" name="tearDown" finished-at="2024-04-29T15:53:53 PKT" duration-ms="3" status="PASS">
          <params>
            <param index="0">
              <value>
                <![CDATA[[TestResult name=productQuantityValidation status=SUCCESS method=DirectMacroTestCases.productQuantityValidation()[pri:3, instance:directMacroTestPackage.DirectMacroTestCases@333dd51e] output={null}]]]>
              </value>
            </param>
          </params>
          <reporter-output>
          </reporter-output>
        </test-method> <!-- tearDown -->
        <test-method is-config="true" signature="setup()[pri:0, instance:directMacroTestPackage.DirectMacroTestCases@333dd51e]" started-at="2024-04-29T15:53:53 PKT" name="setup" finished-at="2024-04-29T15:53:54 PKT" duration-ms="663" status="PASS">
          <reporter-output>
          </reporter-output>
        </test-method> <!-- setup -->
        <test-method signature="checkoutFormValidationVerfication()[pri:4, instance:directMacroTestPackage.DirectMacroTestCases@333dd51e]" started-at="2024-04-29T15:53:54 PKT" name="checkoutFormValidationVerfication" finished-at="2024-04-29T15:54:10 PKT" duration-ms="16344" status="PASS">
          <reporter-output>
          </reporter-output>
        </test-method> <!-- checkoutFormValidationVerfication -->
        <test-method is-config="true" signature="tearDown(org.testng.ITestResult)[pri:0, instance:directMacroTestPackage.DirectMacroTestCases@333dd51e]" started-at="2024-04-29T15:54:10 PKT" name="tearDown" finished-at="2024-04-29T15:54:10 PKT" duration-ms="0" status="PASS">
          <params>
            <param index="0">
              <value>
                <![CDATA[[TestResult name=checkoutFormValidationVerfication status=SUCCESS method=DirectMacroTestCases.checkoutFormValidationVerfication()[pri:4, instance:directMacroTestPackage.DirectMacroTestCases@333dd51e] output={null}]]]>
              </value>
            </param>
          </params>
          <reporter-output>
          </reporter-output>
        </test-method> <!-- tearDown -->
        <test-method is-config="true" signature="CloseChrome()[pri:0, instance:directMacroTestPackage.DirectMacroTestCases@333dd51e]" started-at="2024-04-29T15:54:10 PKT" name="CloseChrome" finished-at="2024-04-29T15:54:11 PKT" duration-ms="636" status="PASS">
          <reporter-output>
          </reporter-output>
        </test-method> <!-- CloseChrome -->
      </class> <!-- directMacroTestPackage.DirectMacroTestCases -->
    </test> <!-- Default test -->
  </suite> <!-- Default suite -->
</testng-results>
