<?xml version="1.0" encoding="UTF-8"?>
<!-- Generated by org.testng.reporters.JUnitXMLReporter -->
<testsuite ignored="0" hostname="Umair-Ahmed" failures="0" tests="4" name="Default test" time="55.582" errors="0" timestamp="2024-04-29T15:54:11 PKT">
  <testcase classname="directMacroTestPackage.DirectMacroTestCases" name="searchBarTestCase" time="15.43"/>
  <testcase classname="directMacroTestPackage.DirectMacroTestCases" name="addToCartTestCases" time="12.982"/>
  <testcase classname="directMacroTestPackage.DirectMacroTestCases" name="productQuantityValidation" time="4.564"/>
  <testcase classname="directMacroTestPackage.DirectMacroTestCases" name="checkoutFormValidationVerfication" time="16.344"/>
</testsuite> <!-- Default test -->
